<?xml version="1.0" encoding="UTF-8"?>
<!-- Generated by org.testng.reporters.JUnitReportReporter -->
<testsuite hostname="KRISH117" failures="0" tests="1" name="sanity.hamleys.SanityHamleysAddProductToWishlist" time="84.428" errors="0" timestamp="2024-04-04T18:26:00 IST" skipped="0">
  <testcase classname="sanity.hamleys.SanityHamleysAddProductToWishlist" name="testAddProductToWishlist" time="84.428"/>
  <system-out/>
</testsuite> <!-- sanity.hamleys.SanityHamleysAddProductToWishlist -->
