<?xml version="1.0" encoding="UTF-8"?>
<!-- Generated by org.testng.reporters.JUnitReportReporter -->
<testsuite hostname="KRISH107" failures="0" tests="1" name="sanity.hamleys.SanityHamleysCheckoutWithLoginUser" time="58.313" errors="0" timestamp="2024-03-28T13:17:14 IST" skipped="0">
  <testcase classname="sanity.hamleys.SanityHamleysCheckoutWithLoginUser" name="testHanleysCheckoutLoginUser" time="58.313"/>
  <system-out/>
</testsuite> <!-- sanity.hamleys.SanityHamleysCheckoutWithLoginUser -->
