<?xml version="1.0" encoding="UTF-8"?>
<!-- Generated by org.testng.reporters.JUnitReportReporter -->
<testsuite hostname="KRISH107" failures="0" tests="1" name="sanity.hamleys.SanityHamleysLoginLogout" time="55.993" errors="0" timestamp="2024-09-06T13:40:21 IST" skipped="0">
  <testcase classname="sanity.hamleys.SanityHamleysLoginLogout" name="testLoginLogout" time="55.993"/>
  <system-out/>
</testsuite> <!-- sanity.hamleys.SanityHamleysLoginLogout -->
