<?xml version="1.0" encoding="UTF-8"?>
<!-- Generated by org.testng.reporters.JUnitReportReporter -->
<testsuite hostname="KRISH107" failures="0" tests="1" name="sanity.hamleys.SanityHamleysLoginAndNavigationTest" time="54.520" errors="0" timestamp="2024-03-26T10:18:43 IST" skipped="0">
  <testcase classname="sanity.hamleys.SanityHamleysLoginAndNavigationTest" name="testHamleysPageHeaderTitle" time="54.520"/>
  <system-out/>
</testsuite> <!-- sanity.hamleys.SanityHamleysLoginAndNavigationTest -->
