<?xml version="1.0" encoding="UTF-8"?>
<!-- Generated by org.testng.reporters.JUnitReportReporter -->
<testsuite hostname="KRISH107" failures="0" tests="1" name="sanity.hamleys.SanityHamleyesAccountTestGithub" time="36.880" errors="0" timestamp="2024-06-14T12:33:12 IST" skipped="0">
  <testcase classname="sanity.hamleys.SanityHamleyesAccountTestGithub" name="testgitHubActions" time="36.880"/>
  <system-out/>
</testsuite> <!-- sanity.hamleys.SanityHamleyesAccountTestGithub -->
